# JRE version: Java(TM) SE Runtime Environment (9.0+11) (build 9.0.1+11)
# Java VM: Java HotSpot(TM) 64-Bit Server VM (9.0.1+11, mixed mode, tiered, compressed oops, g1 gc, bsd-amd64)
Heap:
 garbage-first heap   total 67584K, used 39841K [0x0000000740000000, 0x0000000740100210, 0x00000007c0000000)
  region size 1024K, 18 young (18432K), 2 survivors (2048K)
 Metaspace       used 39871K, capacity 41770K, committed 42624K, reserved 1087488K
  class space    used 4946K, capacity 5326K, committed 5504K, reserved 1048576K
GC Heap History (10 events):
Event: 3001.352 GC heap before
{Heap before GC invocations=13 (full 0):
 garbage-first heap   total 131072K, used 35991K [0x0000000740000000, 0x0000000740100400, 0x00000007c0000000)
  region size 1024K, 11 young (11264K), 2 survivors (2048K)
 Metaspace       used 39878K, capacity 42080K, committed 42368K, reserved 1085440K
  class space    used 4996K, capacity 5397K, committed 5504K, reserved 1048576K
}
Event: 3001.781 GC heap after
{Heap after GC invocations=14 (full 1):
 garbage-first heap   total 67584K, used 20095K [0x0000000740000000, 0x0000000740100210, 0x00000007c0000000)
  region size 1024K, 0 young (0K), 0 survivors (0K)
 Metaspace       used 39476K, capacity 41196K, committed 42368K, reserved 1085440K
  class space    used 4899K, capacity 5215K, committed 5504K, reserved 1048576K
}
Event: 3007.591 GC heap before
{Heap before GC invocations=14 (full 1):
 garbage-first heap   total 67584K, used 52863K [0x0000000740000000, 0x0000000740100210, 0x00000007c0000000)
  region size 1024K, 32 young (32768K), 0 survivors (0K)
 Metaspace       used 39542K, capacity 41256K, committed 42368K, reserved 1085440K
  class space    used 4906K, capacity 5226K, committed 5504K, reserved 1048576K
}
Event: 3007.599 GC heap after
{Heap after GC invocations=15 (full 1):
 garbage-first heap   total 67584K, used 21978K [0x0000000740000000, 0x0000000740100210, 0x00000007c0000000)
  region size 1024K, 2 young (2048K), 2 survivors (2048K)
 Metaspace       used 39542K, capacity 41256K, committed 42368K, reserved 1085440K
  class space    used 4906K, capacity 5226K, committed 5504K, reserved 1048576K
}
Event: 3008.850 GC heap before
{Heap before GC invocations=15 (full 1):
 garbage-first heap   total 67584K, used 53722K [0x0000000740000000, 0x0000000740100210, 0x00000007c0000000)
  region size 1024K, 33 young (33792K), 2 survivors (2048K)
 Metaspace       used 39723K, capacity 41498K, committed 42368K, reserved 1085440K
  class space    used 4919K, capacity 5246K, committed 5504K, reserved 1048576K
}
Event: 3008.859 GC heap after
{Heap after GC invocations=16 (full 1):
 garbage-first heap   total 67584K, used 24376K [0x0000000740000000, 0x0000000740100210, 0x00000007c0000000)
  region size 1024K, 5 young (5120K), 5 survivors (5120K)
 Metaspace       used 39723K, capacity 41498K, committed 42368K, reserved 1085440K
  class space    used 4919K, capacity 5246K, committed 5504K, reserved 1048576K
}
Event: 3349.294 GC heap before
{Heap before GC invocations=16 (full 1):
 garbage-first heap   total 67584K, used 43832K [0x0000000740000000, 0x0000000740100210, 0x00000007c0000000)
  region size 1024K, 25 young (25600K), 5 survivors (5120K)
 Metaspace       used 39739K, capacity 41510K, committed 42368K, reserved 1085440K
  class space    used 4921K, capacity 5249K, committed 5504K, reserved 1048576K
}
Event: 3349.462 GC heap after
{Heap after GC invocations=17 (full 2):
 garbage-first heap   total 67584K, used 22753K [0x0000000740000000, 0x0000000740100210, 0x00000007c0000000)
  region size 1024K, 0 young (0K), 0 survivors (0K)
 Metaspace       used 39739K, capacity 41510K, committed 42368K, reserved 1085440K
  class space    used 4921K, capacity 5249K, committed 5504K, reserved 1048576K
}
Event: 3354.930 GC heap before
{Heap before GC invocations=17 (full 2):
 garbage-first heap   total 67584K, used 52449K [0x0000000740000000, 0x0000000740100210, 0x00000007c0000000)
  region size 1024K, 29 young (29696K), 0 survivors (0K)
 Metaspace       used 39765K, capacity 41552K, committed 42368K, reserved 1085440K
  class space    used 4926K, capacity 5257K, committed 5504K, reserved 1048576K
}
Event: 3354.935 GC heap after
{Heap after GC invocations=18 (full 2):
 garbage-first heap   total 67584K, used 24481K [0x0000000740000000, 0x0000000740100210, 0x00000007c0000000)
  region size 1024K, 2 young (2048K), 2 survivors (2048K)
 Metaspace       used 39765K, capacity 41552K, committed 42368K, reserved 1085440K
  class space    used 4926K, capacity 5257K, committed 5504K, reserved 1048576K
}

